Nodes: ['Burglary', 'Earthquake', 'Alarm', 'JohnCalls', 'MaryCalls']
Values: {'Burglary': ['True', 'False'], 'Earthquake': ['True', 'False'], 'Alarm': ['True', 'False'], 'JohnCalls': ['True', 'False'], 'MaryCalls': ['True', 'False']}
Parents: {'Burglary': [], 'Earthquake': [], 'Alarm': ['Burglary', 'Earthquake'], 'JohnCalls': ['Alarm'], 'MaryCalls': ['Alarm']}
============================================================
VARIABLE ELIMINATION
============================================================
Query variable: Alarm
Evidence: {'Burglary': 'True'}
Elimination order: ['MaryCalls', 'JohnCalls', 'Earthquake', 'Alarm']
Initial factors:
  f0: ['Burglary']
  f1: ['Earthquake']
  f2: ['Alarm', 'Burglary', 'Earthquake']
  f3: ['JohnCalls', 'Alarm']
  f4: ['MaryCalls', 'Alarm']
------------------------------------------------------------
Eliminating 'MaryCalls':
  Multiplying factor over ['MaryCalls', 'Alarm']
  Combined factor columns: ['MaryCalls', 'Alarm']
  After summing out 'MaryCalls': ['Alarm']
Eliminating 'JohnCalls':
  Multiplying factor over ['JohnCalls', 'Alarm']
  Combined factor columns: ['JohnCalls', 'Alarm']
  After summing out 'JohnCalls': ['Alarm']
Eliminating 'Earthquake':
  Multiplying factor over ['Earthquake']
  Multiplying factor over ['Alarm', 'Burglary', 'Earthquake']
  Combined factor columns: ['Earthquake', 'Alarm', 'Burglary']
  After summing out 'Earthquake': ['Alarm', 'Burglary']
------------------------------------------------------------
Elimination complete. Remaining factors: 4
Final (normalized) distribution for 'Alarm':

Alarm   prob
False 0.0598
 True 0.9402
============================================================
